# JRE version: OpenJDK Runtime Environment (8.0_112-b06) (build 1.8.0_112-release-b06)
# Java VM: OpenJDK 64-Bit Server VM (25.112-b06 mixed mode bsd-amd64 compressed oops)
Heap:
 PSYoungGen      total 452608K, used 217119K [0x00000007a0000000, 0x00000007c0000000, 0x00000007c0000000)
  eden space 384000K, 54% used [0x00000007a0000000,0x00000007acb4ced0,0x00000007b7700000)
  from space 68608K, 13% used [0x00000007bb780000,0x00000007bc03ae10,0x00000007bfa80000)
  to   space 66048K, 0% used [0x00000007b7700000,0x00000007b7700000,0x00000007bb780000)
 ParOldGen       total 637952K, used 546042K [0x0000000760000000, 0x0000000786f00000, 0x00000007a0000000)
  object space 637952K, 85% used [0x0000000760000000,0x000000078153eb58,0x0000000786f00000)
 Metaspace       used 77762K, capacity 83562K, committed 83840K, reserved 1122304K
  class space    used 9698K, capacity 10446K, committed 10624K, reserved 1048576K
GC Heap History (10 events):
Event: 9029.429 GC heap before
{Heap before GC invocations=82 (full 6):
 PSYoungGen      total 441344K, used 358314K [0x00000007a0000000, 0x00000007bfa80000, 0x00000007c0000000)
  eden space 372224K, 94% used [0x00000007a0000000,0x00000007b586a7e0,0x00000007b6b80000)
  from space 69120K, 8% used [0x00000007b6b80000,0x00000007b7100020,0x00000007baf00000)
  to   space 67584K, 0% used [0x00000007bb880000,0x00000007bb880000,0x00000007bfa80000)
 ParOldGen       total 637952K, used 480914K [0x0000000760000000, 0x0000000786f00000, 0x00000007a0000000)
  object space 637952K, 75% used [0x0000000760000000,0x000000077d5a4b48,0x0000000786f00000)
 Metaspace       used 77565K, capacity 83294K, committed 83584K, reserved 1122304K
  class space    used 9673K, capacity 10422K, committed 10624K, reserved 1048576K
Event: 9029.611 GC heap after
Heap after GC invocations=82 (full 6):
 PSYoungGen      total 452608K, used 8648K [0x00000007a0000000, 0x00000007bf980000, 0x00000007c0000000)
  eden space 386048K, 0% used [0x00000007a0000000,0x00000007a0000000,0x00000007b7900000)
  from space 66560K, 12% used [0x00000007bb880000,0x00000007bc0f21c8,0x00000007bf980000)
  to   space 65024K, 0% used [0x00000007b7900000,0x00000007b7900000,0x00000007bb880000)
 ParOldGen       total 637952K, used 545618K [0x0000000760000000, 0x0000000786f00000, 0x00000007a0000000)
  object space 637952K, 85% used [0x0000000760000000,0x00000007814d4b58,0x0000000786f00000)
 Metaspace       used 77565K, capacity 83294K, committed 83584K, reserved 1122304K
  class space    used 9673K, capacity 10422K, committed 10624K, reserved 1048576K
}
Event: 9033.606 GC heap before
{Heap before GC invocations=83 (full 6):
 PSYoungGen      total 452608K, used 366016K [0x00000007a0000000, 0x00000007bf980000, 0x00000007c0000000)
  eden space 386048K, 92% used [0x00000007a0000000,0x00000007b5cfe0a8,0x00000007b7900000)
  from space 66560K, 12% used [0x00000007bb880000,0x00000007bc0f21c8,0x00000007bf980000)
  to   space 65024K, 0% used [0x00000007b7900000,0x00000007b7900000,0x00000007bb880000)
 ParOldGen       total 637952K, used 545618K [0x0000000760000000, 0x0000000786f00000, 0x00000007a0000000)
  object space 637952K, 85% used [0x0000000760000000,0x00000007814d4b58,0x0000000786f00000)
 Metaspace       used 77565K, capacity 83294K, committed 83584K, reserved 1122304K
  class space    used 9673K, capacity 10422K, committed 10624K, reserved 1048576K
Event: 9033.660 GC heap after
Heap after GC invocations=83 (full 6):
 PSYoungGen      total 451072K, used 51907K [0x00000007a0000000, 0x00000007c0000000, 0x00000007c0000000)
  eden space 386048K, 0% used [0x00000007a0000000,0x00000007a0000000,0x00000007b7900000)
  from space 65024K, 79% used [0x00000007b7900000,0x00000007babb0c48,0x00000007bb880000)
  to   space 72704K, 0% used [0x00000007bb900000,0x00000007bb900000,0x00000007c0000000)
 ParOldGen       total 637952K, used 545666K [0x0000000760000000, 0x0000000786f00000, 0x00000007a0000000)
  object space 637952K, 85% used [0x0000000760000000,0x00000007814e0b58,0x0000000786f00000)
 Metaspace       used 77565K, capacity 83294K, committed 83584K, reserved 1122304K
  class space    used 9673K, capacity 10422K, committed 10624K, reserved 1048576K
}
Event: 9193.950 GC heap before
{Heap before GC invocations=84 (full 6):
 PSYoungGen      total 451072K, used 437955K [0x00000007a0000000, 0x00000007c0000000, 0x00000007c0000000)
  eden space 386048K, 100% used [0x00000007a0000000,0x00000007b7900000,0x00000007b7900000)
  from space 65024K, 79% used [0x00000007b7900000,0x00000007babb0c48,0x00000007bb880000)
  to   space 72704K, 0% used [0x00000007bb900000,0x00000007bb900000,0x00000007c0000000)
 ParOldGen       total 637952K, used 545666K [0x0000000760000000, 0x0000000786f00000, 0x00000007a0000000)
  object space 637952K, 85% used [0x0000000760000000,0x00000007814e0b58,0x0000000786f00000)
 Metaspace       used 77687K, capacity 83470K, committed 83840K, reserved 1122304K
  class space    used 9689K, capacity 10438K, committed 10624K, reserved 1048576K
Event: 9193.983 GC heap after
Heap after GC invocations=84 (full 6):
 PSYoungGen      total 454144K, used 8736K [0x00000007a0000000, 0x00000007c0000000, 0x00000007c0000000)
  eden space 381440K, 0% used [0x00000007a0000000,0x00000007a0000000,0x00000007b7480000)
  from space 72704K, 12% used [0x00000007bb900000,0x00000007bc188238,0x00000007c0000000)
  to   space 70144K, 0% used [0x00000007b7480000,0x00000007b7480000,0x00000007bb900000)
 ParOldGen       total 637952K, used 545706K [0x0000000760000000, 0x0000000786f00000, 0x00000007a0000000)
  object space 637952K, 85% used [0x0000000760000000,0x00000007814eab58,0x0000000786f00000)
 Metaspace       used 77687K, capacity 83470K, committed 83840K, reserved 1122304K
  class space    used 9689K, capacity 10438K, committed 10624K, reserved 1048576K
}
Event: 9198.762 GC heap before
{Heap before GC invocations=85 (full 6):
 PSYoungGen      total 454144K, used 351682K [0x00000007a0000000, 0x00000007c0000000, 0x00000007c0000000)
  eden space 381440K, 89% used [0x00000007a0000000,0x00000007b4ee86b8,0x00000007b7480000)
  from space 72704K, 12% used [0x00000007bb900000,0x00000007bc188238,0x00000007c0000000)
  to   space 70144K, 0% used [0x00000007b7480000,0x00000007b7480000,0x00000007bb900000)
 ParOldGen       total 637952K, used 545706K [0x0000000760000000, 0x0000000786f00000, 0x00000007a0000000)
  object space 637952K, 85% used [0x0000000760000000,0x00000007814eab58,0x0000000786f00000)
 Metaspace       used 77711K, capacity 83474K, committed 83840K, reserved 1122304K
  class space    used 9689K, capacity 10438K, committed 10624K, reserved 1048576K
Event: 9198.812 GC heap after
Heap after GC invocations=85 (full 6):
 PSYoungGen      total 412160K, used 30428K [0x00000007a0000000, 0x00000007bfa80000, 0x00000007c0000000)
  eden space 381440K, 0% used [0x00000007a0000000,0x00000007a0000000,0x00000007b7480000)
  from space 30720K, 99% used [0x00000007b7480000,0x00000007b92370d8,0x00000007b9280000)
  to   space 68608K, 0% used [0x00000007bb780000,0x00000007bb780000,0x00000007bfa80000)
 ParOldGen       total 637952K, used 545706K [0x0000000760000000, 0x0000000786f00000, 0x00000007a0000000)
  object space 637952K, 85% used [0x0000000760000000,0x00000007814eab58,0x0000000786f00000)
 Metaspace       used 77711K, capacity 83474K, committed 83840K, reserved 1122304K
  class space    used 9689K, capacity 10438K, committed 10624K, reserved 1048576K
}
Event: 9202.447 GC heap before
{Heap before GC invocations=86 (full 6):
 PSYoungGen      total 412160K, used 410863K [0x00000007a0000000, 0x00000007bfa80000, 0x00000007c0000000)
  eden space 381440K, 99% used [0x00000007a0000000,0x00000007b7384c00,0x00000007b7480000)
  from space 30720K, 99% used [0x00000007b7480000,0x00000007b92370d8,0x00000007b9280000)
  to   space 68608K, 0% used [0x00000007bb780000,0x00000007bb780000,0x00000007bfa80000)
 ParOldGen       total 637952K, used 545706K [0x0000000760000000, 0x0000000786f00000, 0x00000007a0000000)
  object space 637952K, 85% used [0x0000000760000000,0x00000007814eab58,0x0000000786f00000)
 Metaspace       used 77711K, capacity 83474K, committed 83840K, reserved 1122304K
  class space    used 9689K, capacity 10438K, committed 10624K, reserved 1048576K
Event: 9202.497 GC heap after
Heap after GC invocations=86 (full 6):
 PSYoungGen      total 452608K, used 8939K [0x00000007a0000000, 0x00000007c0000000, 0x00000007c0000000)
  eden space 384000K, 0% used [0x00000007a0000000,0x00000007a0000000,0x00000007b7700000)
  from space 68608K, 13% used [0x00000007bb780000,0x00000007bc03ae10,0x00000007bfa80000)
  to   space 66048K, 0% used [0x00000007b7700000,0x00000007b7700000,0x00000007bb780000)
 ParOldGen       total 637952K, used 546042K [0x0000000760000000, 0x0000000786f00000, 0x00000007a0000000)
  object space 637952K, 85% used [0x0000000760000000,0x000000078153eb58,0x0000000786f00000)
 Metaspace       used 77711K, capacity 83474K, committed 83840K, reserved 1122304K
  class space    used 9689K, capacity 10438K, committed 10624K, reserved 1048576K
}

