# JRE version: OpenJDK Runtime Environment (8.0_112-b06) (build 1.8.0_112-release-b06)
# Java VM: OpenJDK 64-Bit Server VM (25.112-b06 mixed mode bsd-amd64 compressed oops)
Heap:
 PSYoungGen      total 159232K, used 58689K [0x00000007a0000000, 0x00000007abc80000, 0x00000007c0000000)
  eden space 138752K, 27% used [0x00000007a0000000,0x00000007a2557fd0,0x00000007a8780000)
  from space 20480K, 99% used [0x00000007aa000000,0x00000007ab3f87b8,0x00000007ab400000)
  to   space 25088K, 0% used [0x00000007a8780000,0x00000007a8780000,0x00000007aa000000)
 ParOldGen       total 96256K, used 33985K [0x0000000760000000, 0x0000000765e00000, 0x00000007a0000000)
  object space 96256K, 35% used [0x0000000760000000,0x00000007621304c8,0x0000000765e00000)
 Metaspace       used 56296K, capacity 58734K, committed 58880K, reserved 1099776K
  class space    used 7658K, capacity 8136K, committed 8192K, reserved 1048576K
GC Heap History (10 events):
Event: 21.177 GC heap before
{Heap before GC invocations=12 (full 2):
 PSYoungGen      total 77312K, used 66560K [0x00000007a0000000, 0x00000007a6e00000, 0x00000007c0000000)
  eden space 66560K, 100% used [0x00000007a0000000,0x00000007a4100000,0x00000007a4100000)
  from space 10752K, 0% used [0x00000007a4100000,0x00000007a4100000,0x00000007a4b80000)
  to   space 11264K, 0% used [0x00000007a6300000,0x00000007a6300000,0x00000007a6e00000)
 ParOldGen       total 96256K, used 14724K [0x0000000760000000, 0x0000000765e00000, 0x00000007a0000000)
  object space 96256K, 15% used [0x0000000760000000,0x0000000760e612c0,0x0000000765e00000)
 Metaspace       used 37623K, capacity 38502K, committed 38912K, reserved 1083392K
  class space    used 5065K, capacity 5303K, committed 5376K, reserved 1048576K
Event: 21.198 GC heap after
Heap after GC invocations=12 (full 2):
 PSYoungGen      total 93184K, used 7060K [0x00000007a0000000, 0x00000007a6a00000, 0x00000007c0000000)
  eden space 86016K, 0% used [0x00000007a0000000,0x00000007a0000000,0x00000007a5400000)
  from space 7168K, 98% used [0x00000007a6300000,0x00000007a69e53e8,0x00000007a6a00000)
  to   space 10752K, 0% used [0x00000007a5500000,0x00000007a5500000,0x00000007a5f80000)
 ParOldGen       total 96256K, used 14732K [0x0000000760000000, 0x0000000765e00000, 0x00000007a0000000)
  object space 96256K, 15% used [0x0000000760000000,0x0000000760e632c0,0x0000000765e00000)
 Metaspace       used 37623K, capacity 38502K, committed 38912K, reserved 1083392K
  class space    used 5065K, capacity 5303K, committed 5376K, reserved 1048576K
}
Event: 23.235 GC heap before
{Heap before GC invocations=13 (full 2):
 PSYoungGen      total 93184K, used 93076K [0x00000007a0000000, 0x00000007a6a00000, 0x00000007c0000000)
  eden space 86016K, 100% used [0x00000007a0000000,0x00000007a5400000,0x00000007a5400000)
  from space 7168K, 98% used [0x00000007a6300000,0x00000007a69e53e8,0x00000007a6a00000)
  to   space 10752K, 0% used [0x00000007a5500000,0x00000007a5500000,0x00000007a5f80000)
 ParOldGen       total 96256K, used 14732K [0x0000000760000000, 0x0000000765e00000, 0x00000007a0000000)
  object space 96256K, 15% used [0x0000000760000000,0x0000000760e632c0,0x0000000765e00000)
 Metaspace       used 42814K, capacity 43862K, committed 44032K, reserved 1087488K
  class space    used 5771K, capacity 6033K, committed 6144K, reserved 1048576K
Event: 23.269 GC heap after
Heap after GC invocations=13 (full 2):
 PSYoungGen      total 97792K, used 10748K [0x00000007a0000000, 0x00000007a8380000, 0x00000007c0000000)
  eden space 87040K, 0% used [0x00000007a0000000,0x00000007a0000000,0x00000007a5500000)
  from space 10752K, 99% used [0x00000007a5500000,0x00000007a5f7f160,0x00000007a5f80000)
  to   space 11776K, 0% used [0x00000007a7800000,0x00000007a7800000,0x00000007a8380000)
 ParOldGen       total 96256K, used 14893K [0x0000000760000000, 0x0000000765e00000, 0x00000007a0000000)
  object space 96256K, 15% used [0x0000000760000000,0x0000000760e8b4e8,0x0000000765e00000)
 Metaspace       used 42814K, capacity 43862K, committed 44032K, reserved 1087488K
  class space    used 5771K, capacity 6033K, committed 6144K, reserved 1048576K
}
Event: 27.458 GC heap before
{Heap before GC invocations=14 (full 2):
 PSYoungGen      total 97792K, used 97788K [0x00000007a0000000, 0x00000007a8380000, 0x00000007c0000000)
  eden space 87040K, 100% used [0x00000007a0000000,0x00000007a5500000,0x00000007a5500000)
  from space 10752K, 99% used [0x00000007a5500000,0x00000007a5f7f160,0x00000007a5f80000)
  to   space 11776K, 0% used [0x00000007a7800000,0x00000007a7800000,0x00000007a8380000)
 ParOldGen       total 96256K, used 14893K [0x0000000760000000, 0x0000000765e00000, 0x00000007a0000000)
  object space 96256K, 15% used [0x0000000760000000,0x0000000760e8b4e8,0x0000000765e00000)
 Metaspace       used 47620K, capacity 49250K, committed 49408K, reserved 1091584K
  class space    used 6475K, capacity 6825K, committed 6912K, reserved 1048576K
Event: 27.537 GC heap after
Heap after GC invocations=14 (full 2):
 PSYoungGen      total 119296K, used 11759K [0x00000007a0000000, 0x00000007a8c00000, 0x00000007c0000000)
  eden space 107520K, 0% used [0x00000007a0000000,0x00000007a0000000,0x00000007a6900000)
  from space 11776K, 99% used [0x00000007a7800000,0x00000007a837bff0,0x00000007a8380000)
  to   space 15360K, 0% used [0x00000007a6900000,0x00000007a6900000,0x00000007a7800000)
 ParOldGen       total 96256K, used 20304K [0x0000000760000000, 0x0000000765e00000, 0x00000007a0000000)
  object space 96256K, 21% used [0x0000000760000000,0x00000007613d43b8,0x0000000765e00000)
 Metaspace       used 47620K, capacity 49250K, committed 49408K, reserved 1091584K
  class space    used 6475K, capacity 6825K, committed 6912K, reserved 1048576K
}
Event: 29.942 GC heap before
{Heap before GC invocations=15 (full 2):
 PSYoungGen      total 119296K, used 119279K [0x00000007a0000000, 0x00000007a8c00000, 0x00000007c0000000)
  eden space 107520K, 100% used [0x00000007a0000000,0x00000007a6900000,0x00000007a6900000)
  from space 11776K, 99% used [0x00000007a7800000,0x00000007a837bff0,0x00000007a8380000)
  to   space 15360K, 0% used [0x00000007a6900000,0x00000007a6900000,0x00000007a7800000)
 ParOldGen       total 96256K, used 20304K [0x0000000760000000, 0x0000000765e00000, 0x00000007a0000000)
  object space 96256K, 21% used [0x0000000760000000,0x00000007613d43b8,0x0000000765e00000)
 Metaspace       used 50408K, capacity 52252K, committed 52480K, reserved 1093632K
  class space    used 6973K, capacity 7365K, committed 7424K, reserved 1048576K
Event: 30.040 GC heap after
Heap after GC invocations=15 (full 2):
 PSYoungGen      total 122880K, used 15328K [0x00000007a0000000, 0x00000007ab400000, 0x00000007c0000000)
  eden space 107520K, 0% used [0x00000007a0000000,0x00000007a0000000,0x00000007a6900000)
  from space 15360K, 99% used [0x00000007a6900000,0x00000007a77f81e8,0x00000007a7800000)
  to   space 20480K, 0% used [0x00000007aa000000,0x00000007aa000000,0x00000007ab400000)
 ParOldGen       total 96256K, used 29740K [0x0000000760000000, 0x0000000765e00000, 0x00000007a0000000)
  object space 96256K, 30% used [0x0000000760000000,0x0000000761d0b0d8,0x0000000765e00000)
 Metaspace       used 50408K, capacity 52252K, committed 52480K, reserved 1093632K
  class space    used 6973K, capacity 7365K, committed 7424K, reserved 1048576K
}
Event: 36.863 GC heap before
{Heap before GC invocations=16 (full 2):
 PSYoungGen      total 122880K, used 122848K [0x00000007a0000000, 0x00000007ab400000, 0x00000007c0000000)
  eden space 107520K, 100% used [0x00000007a0000000,0x00000007a6900000,0x00000007a6900000)
  from space 15360K, 99% used [0x00000007a6900000,0x00000007a77f81e8,0x00000007a7800000)
  to   space 20480K, 0% used [0x00000007aa000000,0x00000007aa000000,0x00000007ab400000)
 ParOldGen       total 96256K, used 29740K [0x0000000760000000, 0x0000000765e00000, 0x00000007a0000000)
  object space 96256K, 30% used [0x0000000760000000,0x0000000761d0b0d8,0x0000000765e00000)
 Metaspace       used 54176K, capacity 56490K, committed 56832K, reserved 1097728K
  class space    used 7367K, capacity 7814K, committed 7936K, reserved 1048576K
Event: 37.011 GC heap after
Heap after GC invocations=16 (full 2):
 PSYoungGen      total 159232K, used 20449K [0x00000007a0000000, 0x00000007abc80000, 0x00000007c0000000)
  eden space 138752K, 0% used [0x00000007a0000000,0x00000007a0000000,0x00000007a8780000)
  from space 20480K, 99% used [0x00000007aa000000,0x00000007ab3f87b8,0x00000007ab400000)
  to   space 25088K, 0% used [0x00000007a8780000,0x00000007a8780000,0x00000007aa000000)
 ParOldGen       total 96256K, used 33985K [0x0000000760000000, 0x0000000765e00000, 0x00000007a0000000)
  object space 96256K, 35% used [0x0000000760000000,0x00000007621304c8,0x0000000765e00000)
 Metaspace       used 54176K, capacity 56490K, committed 56832K, reserved 1097728K
  class space    used 7367K, capacity 7814K, committed 7936K, reserved 1048576K
}

