# JRE version: OpenJDK Runtime Environment (8.0_112-b06) (build 1.8.0_112-release-b06)
# Java VM: OpenJDK 64-Bit Server VM (25.112-b06 mixed mode bsd-amd64 compressed oops)
Heap:
 PSYoungGen      total 497152K, used 300685K [0x00000007a0000000, 0x00000007bfe00000, 0x00000007c0000000)
  eden space 471552K, 61% used [0x00000007a0000000,0x00000007b198bb00,0x00000007bcc80000)
  from space 25600K, 48% used [0x00000007bcc80000,0x00000007bd897b20,0x00000007be580000)
  to   space 24576K, 0% used [0x00000007be600000,0x00000007be600000,0x00000007bfe00000)
 ParOldGen       total 377856K, used 158096K [0x0000000760000000, 0x0000000777100000, 0x00000007a0000000)
  object space 377856K, 41% used [0x0000000760000000,0x0000000769a64310,0x0000000777100000)
 Metaspace       used 81098K, capacity 87220K, committed 88960K, reserved 1126400K
  class space    used 10113K, capacity 10873K, committed 11392K, reserved 1048576K
GC Heap History (10 events):
Event: 10021.689 GC heap before
{Heap before GC invocations=75 (full 5):
 PSYoungGen      total 496128K, used 442742K [0x00000007a0000000, 0x00000007bff80000, 0x00000007c0000000)
  eden space 468992K, 92% used [0x00000007a0000000,0x00000007ba8d6808,0x00000007bca00000)
  from space 27136K, 28% used [0x00000007bca00000,0x00000007bd187088,0x00000007be480000)
  to   space 26624K, 0% used [0x00000007be580000,0x00000007be580000,0x00000007bff80000)
 ParOldGen       total 362496K, used 273452K [0x0000000760000000, 0x0000000776200000, 0x00000007a0000000)
  object space 362496K, 75% used [0x0000000760000000,0x0000000770b0b1d8,0x0000000776200000)
 Metaspace       used 82089K, capacity 88830K, committed 88960K, reserved 1126400K
  class space    used 10379K, capacity 11308K, committed 11392K, reserved 1048576K
Event: 10021.878 GC heap after
Heap after GC invocations=75 (full 5):
 PSYoungGen      total 497152K, used 8264K [0x00000007a0000000, 0x00000007bff80000, 0x00000007c0000000)
  eden space 470528K, 0% used [0x00000007a0000000,0x00000007a0000000,0x00000007bcb80000)
  from space 26624K, 31% used [0x00000007be580000,0x00000007bed920c8,0x00000007bff80000)
  to   space 26624K, 0% used [0x00000007bcb80000,0x00000007bcb80000,0x00000007be580000)
 ParOldGen       total 362496K, used 317572K [0x0000000760000000, 0x0000000776200000, 0x00000007a0000000)
  object space 362496K, 87% used [0x0000000760000000,0x00000007736211e8,0x0000000776200000)
 Metaspace       used 82089K, capacity 88830K, committed 88960K, reserved 1126400K
  class space    used 10379K, capacity 11308K, committed 11392K, reserved 1048576K
}
Event: 10021.878 GC heap before
{Heap before GC invocations=76 (full 6):
 PSYoungGen      total 497152K, used 8264K [0x00000007a0000000, 0x00000007bff80000, 0x00000007c0000000)
  eden space 470528K, 0% used [0x00000007a0000000,0x00000007a0000000,0x00000007bcb80000)
  from space 26624K, 31% used [0x00000007be580000,0x00000007bed920c8,0x00000007bff80000)
  to   space 26624K, 0% used [0x00000007bcb80000,0x00000007bcb80000,0x00000007be580000)
 ParOldGen       total 362496K, used 317572K [0x0000000760000000, 0x0000000776200000, 0x00000007a0000000)
  object space 362496K, 87% used [0x0000000760000000,0x00000007736211e8,0x0000000776200000)
 Metaspace       used 82089K, capacity 88830K, committed 88960K, reserved 1126400K
  class space    used 10379K, capacity 11308K, committed 11392K, reserved 1048576K
Event: 10022.815 GC heap after
Heap after GC invocations=76 (full 6):
 PSYoungGen      total 497152K, used 0K [0x00000007a0000000, 0x00000007bff80000, 0x00000007c0000000)
  eden space 470528K, 0% used [0x00000007a0000000,0x00000007a0000000,0x00000007bcb80000)
  from space 26624K, 0% used [0x00000007be580000,0x00000007be580000,0x00000007bff80000)
  to   space 26624K, 0% used [0x00000007bcb80000,0x00000007bcb80000,0x00000007be580000)
 ParOldGen       total 377856K, used 93384K [0x0000000760000000, 0x0000000777100000, 0x00000007a0000000)
  object space 377856K, 24% used [0x0000000760000000,0x0000000765b322f0,0x0000000777100000)
 Metaspace       used 80837K, capacity 86798K, committed 88960K, reserved 1126400K
  class space    used 10084K, capacity 10844K, committed 11392K, reserved 1048576K
}
Event: 10201.182 GC heap before
{Heap before GC invocations=77 (full 6):
 PSYoungGen      total 497152K, used 470528K [0x00000007a0000000, 0x00000007bff80000, 0x00000007c0000000)
  eden space 470528K, 100% used [0x00000007a0000000,0x00000007bcb80000,0x00000007bcb80000)
  from space 26624K, 0% used [0x00000007be580000,0x00000007be580000,0x00000007bff80000)
  to   space 26624K, 0% used [0x00000007bcb80000,0x00000007bcb80000,0x00000007be580000)
 ParOldGen       total 377856K, used 93384K [0x0000000760000000, 0x0000000777100000, 0x00000007a0000000)
  object space 377856K, 24% used [0x0000000760000000,0x0000000765b322f0,0x0000000777100000)
 Metaspace       used 80940K, capacity 87044K, committed 88960K, reserved 1126400K
  class space    used 10095K, capacity 10857K, committed 11392K, reserved 1048576K
Event: 10201.216 GC heap after
Heap after GC invocations=77 (full 6):
 PSYoungGen      total 497152K, used 5742K [0x00000007a0000000, 0x00000007bff00000, 0x00000007c0000000)
  eden space 470528K, 0% used [0x00000007a0000000,0x00000007a0000000,0x00000007bcb80000)
  from space 26624K, 21% used [0x00000007bcb80000,0x00000007bd11b8c8,0x00000007be580000)
  to   space 26112K, 0% used [0x00000007be580000,0x00000007be580000,0x00000007bff00000)
 ParOldGen       total 377856K, used 93392K [0x0000000760000000, 0x0000000777100000, 0x00000007a0000000)
  object space 377856K, 24% used [0x0000000760000000,0x0000000765b342f0,0x0000000777100000)
 Metaspace       used 80940K, capacity 87044K, committed 88960K, reserved 1126400K
  class space    used 10095K, capacity 10857K, committed 11392K, reserved 1048576K
}
Event: 10209.312 GC heap before
{Heap before GC invocations=78 (full 6):
 PSYoungGen      total 497152K, used 441103K [0x00000007a0000000, 0x00000007bff00000, 0x00000007c0000000)
  eden space 470528K, 92% used [0x00000007a0000000,0x00000007ba9284c0,0x00000007bcb80000)
  from space 26624K, 21% used [0x00000007bcb80000,0x00000007bd11b8c8,0x00000007be580000)
  to   space 26112K, 0% used [0x00000007be580000,0x00000007be580000,0x00000007bff00000)
 ParOldGen       total 377856K, used 93392K [0x0000000760000000, 0x0000000777100000, 0x00000007a0000000)
  object space 377856K, 24% used [0x0000000760000000,0x0000000765b342f0,0x0000000777100000)
 Metaspace       used 80985K, capacity 87044K, committed 88960K, reserved 1126400K
  class space    used 10095K, capacity 10857K, committed 11392K, reserved 1048576K
Event: 10209.475 GC heap after
Heap after GC invocations=78 (full 6):
 PSYoungGen      total 497152K, used 8689K [0x00000007a0000000, 0x00000007bfe80000, 0x00000007c0000000)
  eden space 471552K, 0% used [0x00000007a0000000,0x00000007a0000000,0x00000007bcc80000)
  from space 25600K, 33% used [0x00000007be580000,0x00000007bedfc718,0x00000007bfe80000)
  to   space 25600K, 0% used [0x00000007bcc80000,0x00000007bcc80000,0x00000007be580000)
 ParOldGen       total 377856K, used 158096K [0x0000000760000000, 0x0000000777100000, 0x00000007a0000000)
  object space 377856K, 41% used [0x0000000760000000,0x0000000769a64310,0x0000000777100000)
 Metaspace       used 80985K, capacity 87044K, committed 88960K, reserved 1126400K
  class space    used 10095K, capacity 10857K, committed 11392K, reserved 1048576K
}
Event: 10214.272 GC heap before
{Heap before GC invocations=79 (full 6):
 PSYoungGen      total 497152K, used 479234K [0x00000007a0000000, 0x00000007bfe80000, 0x00000007c0000000)
  eden space 471552K, 99% used [0x00000007a0000000,0x00000007bcb843d0,0x00000007bcc80000)
  from space 25600K, 33% used [0x00000007be580000,0x00000007bedfc718,0x00000007bfe80000)
  to   space 25600K, 0% used [0x00000007bcc80000,0x00000007bcc80000,0x00000007be580000)
 ParOldGen       total 377856K, used 158096K [0x0000000760000000, 0x0000000777100000, 0x00000007a0000000)
  object space 377856K, 41% used [0x0000000760000000,0x0000000769a64310,0x0000000777100000)
 Metaspace       used 80985K, capacity 87044K, committed 88960K, reserved 1126400K
  class space    used 10095K, capacity 10857K, committed 11392K, reserved 1048576K
Event: 10214.312 GC heap after
Heap after GC invocations=79 (full 6):
 PSYoungGen      total 497152K, used 12382K [0x00000007a0000000, 0x00000007bfe00000, 0x00000007c0000000)
  eden space 471552K, 0% used [0x00000007a0000000,0x00000007a0000000,0x00000007bcc80000)
  from space 25600K, 48% used [0x00000007bcc80000,0x00000007bd897b20,0x00000007be580000)
  to   space 24576K, 0% used [0x00000007be600000,0x00000007be600000,0x00000007bfe00000)
 ParOldGen       total 377856K, used 158096K [0x0000000760000000, 0x0000000777100000, 0x00000007a0000000)
  object space 377856K, 41% used [0x0000000760000000,0x0000000769a64310,0x0000000777100000)
 Metaspace       used 80985K, capacity 87044K, committed 88960K, reserved 1126400K
  class space    used 10095K, capacity 10857K, committed 11392K, reserved 1048576K
}

