# JRE version: OpenJDK Runtime Environment (8.0_112-b06) (build 1.8.0_112-release-b06)
# Java VM: OpenJDK 64-Bit Server VM (25.112-b06 mixed mode bsd-amd64 compressed oops)
Heap:
 PSYoungGen      total 53760K, used 17497K [0x00000007a0000000, 0x00000007a3f00000, 0x00000007c0000000)
  eden space 44544K, 27% used [0x00000007a0000000,0x00000007a0c1da68,0x00000007a2b80000)
  from space 9216K, 55% used [0x00000007a3480000,0x00000007a3978bf8,0x00000007a3d80000)
  to   space 9216K, 0% used [0x00000007a2b80000,0x00000007a2b80000,0x00000007a3480000)
 ParOldGen       total 66048K, used 7661K [0x0000000760000000, 0x0000000764080000, 0x00000007a0000000)
  object space 66048K, 11% used [0x0000000760000000,0x000000076077b4f8,0x0000000764080000)
 Metaspace       used 26305K, capacity 26760K, committed 27136K, reserved 1073152K
  class space    used 3680K, capacity 3799K, committed 3840K, reserved 1048576K
GC Heap History (10 events):
Event: 5.585 GC heap before
{Heap before GC invocations=3 (full 0):
 PSYoungGen      total 38400K, used 38373K [0x00000007a0000000, 0x00000007a2a80000, 0x00000007c0000000)
  eden space 33280K, 100% used [0x00000007a0000000,0x00000007a2080000,0x00000007a2080000)
  from space 5120K, 99% used [0x00000007a2580000,0x00000007a2a79580,0x00000007a2a80000)
  to   space 5120K, 0% used [0x00000007a2080000,0x00000007a2080000,0x00000007a2580000)
 ParOldGen       total 87552K, used 714K [0x0000000760000000, 0x0000000765580000, 0x00000007a0000000)
  object space 87552K, 0% used [0x0000000760000000,0x00000007600b28e0,0x0000000765580000)
 Metaspace       used 16541K, capacity 16846K, committed 17024K, reserved 1064960K
  class space    used 2326K, capacity 2425K, committed 2432K, reserved 1048576K
Event: 5.606 GC heap after
Heap after GC invocations=3 (full 0):
 PSYoungGen      total 38400K, used 5104K [0x00000007a0000000, 0x00000007a2a80000, 0x00000007c0000000)
  eden space 33280K, 0% used [0x00000007a0000000,0x00000007a0000000,0x00000007a2080000)
  from space 5120K, 99% used [0x00000007a2080000,0x00000007a257c010,0x00000007a2580000)
  to   space 5120K, 0% used [0x00000007a2580000,0x00000007a2580000,0x00000007a2a80000)
 ParOldGen       total 87552K, used 3389K [0x0000000760000000, 0x0000000765580000, 0x00000007a0000000)
  object space 87552K, 3% used [0x0000000760000000,0x000000076034f530,0x0000000765580000)
 Metaspace       used 16541K, capacity 16846K, committed 17024K, reserved 1064960K
  class space    used 2326K, capacity 2425K, committed 2432K, reserved 1048576K
}
Event: 6.539 GC heap before
{Heap before GC invocations=4 (full 0):
 PSYoungGen      total 38400K, used 24820K [0x00000007a0000000, 0x00000007a2a80000, 0x00000007c0000000)
  eden space 33280K, 59% used [0x00000007a0000000,0x00000007a1341110,0x00000007a2080000)
  from space 5120K, 99% used [0x00000007a2080000,0x00000007a257c010,0x00000007a2580000)
  to   space 5120K, 0% used [0x00000007a2580000,0x00000007a2580000,0x00000007a2a80000)
 ParOldGen       total 87552K, used 3389K [0x0000000760000000, 0x0000000765580000, 0x00000007a0000000)
  object space 87552K, 3% used [0x0000000760000000,0x000000076034f530,0x0000000765580000)
 Metaspace       used 20711K, capacity 21076K, committed 21296K, reserved 1067008K
  class space    used 2745K, capacity 2875K, committed 2944K, reserved 1048576K
Event: 6.572 GC heap after
Heap after GC invocations=4 (full 0):
 PSYoungGen      total 38400K, used 5104K [0x00000007a0000000, 0x00000007a4b00000, 0x00000007c0000000)
  eden space 33280K, 0% used [0x00000007a0000000,0x00000007a0000000,0x00000007a2080000)
  from space 5120K, 99% used [0x00000007a2580000,0x00000007a2a7c030,0x00000007a2a80000)
  to   space 5120K, 0% used [0x00000007a2080000,0x00000007a2080000,0x00000007a2580000)
 ParOldGen       total 87552K, used 6056K [0x0000000760000000, 0x0000000765580000, 0x00000007a0000000)
  object space 87552K, 6% used [0x0000000760000000,0x00000007605ea088,0x0000000765580000)
 Metaspace       used 20711K, capacity 21076K, committed 21296K, reserved 1067008K
  class space    used 2745K, capacity 2875K, committed 2944K, reserved 1048576K
}
Event: 6.572 GC heap before
{Heap before GC invocations=5 (full 1):
 PSYoungGen      total 38400K, used 5104K [0x00000007a0000000, 0x00000007a4b00000, 0x00000007c0000000)
  eden space 33280K, 0% used [0x00000007a0000000,0x00000007a0000000,0x00000007a2080000)
  from space 5120K, 99% used [0x00000007a2580000,0x00000007a2a7c030,0x00000007a2a80000)
  to   space 5120K, 0% used [0x00000007a2080000,0x00000007a2080000,0x00000007a2580000)
 ParOldGen       total 87552K, used 6056K [0x0000000760000000, 0x0000000765580000, 0x00000007a0000000)
  object space 87552K, 6% used [0x0000000760000000,0x00000007605ea088,0x0000000765580000)
 Metaspace       used 20711K, capacity 21076K, committed 21296K, reserved 1067008K
  class space    used 2745K, capacity 2875K, committed 2944K, reserved 1048576K
Event: 6.746 GC heap after
Heap after GC invocations=5 (full 1):
 PSYoungGen      total 38400K, used 0K [0x00000007a0000000, 0x00000007a4b00000, 0x00000007c0000000)
  eden space 33280K, 0% used [0x00000007a0000000,0x00000007a0000000,0x00000007a2080000)
  from space 5120K, 0% used [0x00000007a2580000,0x00000007a2580000,0x00000007a2a80000)
  to   space 5120K, 0% used [0x00000007a2080000,0x00000007a2080000,0x00000007a2580000)
 ParOldGen       total 66048K, used 7645K [0x0000000760000000, 0x0000000764080000, 0x00000007a0000000)
  object space 66048K, 11% used [0x0000000760000000,0x00000007607774f8,0x0000000764080000)
 Metaspace       used 20711K, capacity 21076K, committed 21296K, reserved 1067008K
  class space    used 2745K, capacity 2875K, committed 2944K, reserved 1048576K
}
Event: 8.050 GC heap before
{Heap before GC invocations=6 (full 1):
 PSYoungGen      total 38400K, used 33280K [0x00000007a0000000, 0x00000007a4b00000, 0x00000007c0000000)
  eden space 33280K, 100% used [0x00000007a0000000,0x00000007a2080000,0x00000007a2080000)
  from space 5120K, 0% used [0x00000007a2580000,0x00000007a2580000,0x00000007a2a80000)
  to   space 5120K, 0% used [0x00000007a2080000,0x00000007a2080000,0x00000007a2580000)
 ParOldGen       total 66048K, used 7645K [0x0000000760000000, 0x0000000764080000, 0x00000007a0000000)
  object space 66048K, 11% used [0x0000000760000000,0x00000007607774f8,0x0000000764080000)
 Metaspace       used 23516K, capacity 23858K, committed 24064K, reserved 1071104K
  class space    used 3185K, capacity 3304K, committed 3328K, reserved 1048576K
Event: 8.060 GC heap after
Heap after GC invocations=6 (full 1):
 PSYoungGen      total 38400K, used 4601K [0x00000007a0000000, 0x00000007a3d80000, 0x00000007c0000000)
  eden space 33280K, 0% used [0x00000007a0000000,0x00000007a0000000,0x00000007a2080000)
  from space 5120K, 89% used [0x00000007a2080000,0x00000007a24fe768,0x00000007a2580000)
  to   space 9216K, 0% used [0x00000007a3480000,0x00000007a3480000,0x00000007a3d80000)
 ParOldGen       total 66048K, used 7653K [0x0000000760000000, 0x0000000764080000, 0x00000007a0000000)
  object space 66048K, 11% used [0x0000000760000000,0x00000007607794f8,0x0000000764080000)
 Metaspace       used 23516K, capacity 23858K, committed 24064K, reserved 1071104K
  class space    used 3185K, capacity 3304K, committed 3328K, reserved 1048576K
}
Event: 9.156 GC heap before
{Heap before GC invocations=7 (full 1):
 PSYoungGen      total 38400K, used 37881K [0x00000007a0000000, 0x00000007a3d80000, 0x00000007c0000000)
  eden space 33280K, 100% used [0x00000007a0000000,0x00000007a2080000,0x00000007a2080000)
  from space 5120K, 89% used [0x00000007a2080000,0x00000007a24fe768,0x00000007a2580000)
  to   space 9216K, 0% used [0x00000007a3480000,0x00000007a3480000,0x00000007a3d80000)
 ParOldGen       total 66048K, used 7653K [0x0000000760000000, 0x0000000764080000, 0x00000007a0000000)
  object space 66048K, 11% used [0x0000000760000000,0x00000007607794f8,0x0000000764080000)
 Metaspace       used 25691K, capacity 26152K, committed 26496K, reserved 1073152K
  class space    used 3572K, capacity 3703K, committed 3712K, reserved 1048576K
Event: 9.181 GC heap after
Heap after GC invocations=7 (full 1):
 PSYoungGen      total 53760K, used 5090K [0x00000007a0000000, 0x00000007a3f00000, 0x00000007c0000000)
  eden space 44544K, 0% used [0x00000007a0000000,0x00000007a0000000,0x00000007a2b80000)
  from space 9216K, 55% used [0x00000007a3480000,0x00000007a3978bf8,0x00000007a3d80000)
  to   space 9216K, 0% used [0x00000007a2b80000,0x00000007a2b80000,0x00000007a3480000)
 ParOldGen       total 66048K, used 7661K [0x0000000760000000, 0x0000000764080000, 0x00000007a0000000)
  object space 66048K, 11% used [0x0000000760000000,0x000000076077b4f8,0x0000000764080000)
 Metaspace       used 25691K, capacity 26152K, committed 26496K, reserved 1073152K
  class space    used 3572K, capacity 3703K, committed 3712K, reserved 1048576K
}

